*   Trying 198.105.103.163:5514...
* Connected to 198.105.103.163 (198.105.103.163) port 5514 (#0)
* allocate connect buffer
* Establish HTTP proxy tunnel to services.sia.homeoffice.gov.uk:443
* Proxy auth using Basic with user 'vzminxij'
> CONNECT services.sia.homeoffice.gov.uk:443 HTTP/1.1
Host: services.sia.homeoffice.gov.uk:443
Proxy-Authorization: Basic dnptaW54aWo6ZTBndGk1bmZ3YzZ2
Proxy-Connection: Keep-Alive

< HTTP/1.0 200 OK
< 
* Proxy replied 200 to CONNECT request
* CONNECT phase completed
* ALPN: offers http/1.1
*  CAfile: C:\xampp\apache\bin\curl-ca-bundle.crt
*  CApath: none
* SSL connection using TLSv1.3 / TLS_AES_256_GCM_SHA384
* ALPN: server accepted http/1.1
* Server certificate:
*  subject: C=IE; L=Dublin; O=Version 1 Holdings Limited; CN=services.sia.homeoffice.gov.uk
*  start date: Sep  5 00:00:00 2025 GMT
*  expire date: Sep 13 23:59:59 2026 GMT
*  subjectAltName: host "services.sia.homeoffice.gov.uk" matched cert's "services.sia.homeoffice.gov.uk"
*  issuer: C=US; O=DigiCert Inc; CN=DigiCert Global G2 TLS RSA SHA256 2020 CA1
*  SSL certificate verify ok.
> POST /PublicRegister/SearchPublicRegisterByLicence HTTP/1.1
Host: services.sia.homeoffice.gov.uk
User-Agent: Mozilla/5.0 (Windows NT 10.0; Win64; x64) AppleWebKit/537.36 (KHTML, like Gecko) Chrome/120.0.0.0 Safari/537.36
Accept: text/html,application/xhtml+xml,application/xml;q=0.9,*/*;q=0.8
Accept: text/html
Accept-Encoding: gzip, deflate, br
Connection: close
Accept-Language: en-GB,en-US;q=0.9,en;q=0.8
Referer: https://services.sia.homeoffice.gov.uk/
Content-Type: application/x-www-form-urlencoded
Cookie: cookiesession1=678A3E15E1206C43EF2AD5FD08E2A898
Content-Length: 26

* old SSL session ID is stale, removing
* Mark bundle as not supporting multiuse
< HTTP/1.1 200 OK
< Cache-Control: private
< Content-Type: text/html; charset=utf-8
< Server:XXXXXXXXXXXXXXXXXX
< X-UA-Compatible: IE=edge,chrome=1
< X-Frame-Options: SAMEORIGIN
< X-Content-Type-Options: nosniff
< X-XSS-Protection: 1; mode=block
< Date: Fri, 15 May 2026 07:48:57 GMT
< Connection: close
< Content-Length: 26598
< Strict-Transport-Security: max-age=7776000; includeSubDomains
< Referrer-Policy: no-referrer
< 
* Closing connection 0
