cURL error 56: Received HTTP code 402 from proxy after CONNECT (see https://curl.haxx.se/libcurl/c/libcurl-errors.html) for https://services.sia.homeoffice.gov.uk/PublicRegister/SearchPublicRegisterByLicence

#0 F:\laravel projects\_supreme-3\vendor\guzzlehttp\guzzle\src\Handler\CurlFactory.php(205): GuzzleHttp\Handler\CurlFactory::createRejection(Object(GuzzleHttp\Handler\EasyHandle), Array)
#1 F:\laravel projects\_supreme-3\vendor\guzzlehttp\guzzle\src\Handler\CurlFactory.php(157): GuzzleHttp\Handler\CurlFactory::finishError(Object(GuzzleHttp\Handler\CurlHandler), Object(GuzzleHttp\Handler\EasyHandle), Object(GuzzleHttp\Handler\CurlFactory))
#2 F:\laravel projects\_supreme-3\vendor\guzzlehttp\guzzle\src\Handler\CurlHandler.php(47): GuzzleHttp\Handler\CurlFactory::finish(Object(GuzzleHttp\Handler\CurlHandler), Object(GuzzleHttp\Handler\EasyHandle), Object(GuzzleHttp\Handler\CurlFactory))
#3 F:\laravel projects\_supreme-3\vendor\guzzlehttp\guzzle\src\Handler\Proxy.php(28): GuzzleHttp\Handler\CurlHandler->__invoke(Object(GuzzleHttp\Psr7\Request), Array)
#4 F:\laravel projects\_supreme-3\vendor\guzzlehttp\guzzle\src\Handler\Proxy.php(48): GuzzleHttp\Handler\Proxy::GuzzleHttp\Handler\{closure}(Object(GuzzleHttp\Psr7\Request), Array)
#5 F:\laravel projects\_supreme-3\vendor\laravel\framework\src\Illuminate\Http\Client\PendingRequest.php(1343): GuzzleHttp\Handler\Proxy::GuzzleHttp\Handler\{closure}(Object(GuzzleHttp\Psr7\Request), Array)
#6 F:\laravel projects\_supreme-3\vendor\laravel\framework\src\Illuminate\Http\Client\PendingRequest.php(1309): Illuminate\Http\Client\PendingRequest->Illuminate\Http\Client\{closure}(Object(GuzzleHttp\Psr7\Request), Array)
#7 F:\laravel projects\_supreme-3\vendor\laravel\framework\src\Illuminate\Http\Client\PendingRequest.php(1295): Illuminate\Http\Client\PendingRequest->Illuminate\Http\Client\{closure}(Object(GuzzleHttp\Psr7\Request), Array)
#8 F:\laravel projects\_supreme-3\vendor\guzzlehttp\guzzle\src\PrepareBodyMiddleware.php(64): Illuminate\Http\Client\PendingRequest->Illuminate\Http\Client\{closure}(Object(GuzzleHttp\Psr7\Request), Array)
#9 F:\laravel projects\_supreme-3\vendor\guzzlehttp\guzzle\src\Middleware.php(38): GuzzleHttp\PrepareBodyMiddleware->__invoke(Object(GuzzleHttp\Psr7\Request), Array)
#10 F:\laravel projects\_supreme-3\vendor\guzzlehttp\guzzle\src\RedirectMiddleware.php(71): GuzzleHttp\Middleware::GuzzleHttp\{closure}(Object(GuzzleHttp\Psr7\Request), Array)
#11 F:\laravel projects\_supreme-3\vendor\guzzlehttp\guzzle\src\Middleware.php(63): GuzzleHttp\RedirectMiddleware->__invoke(Object(GuzzleHttp\Psr7\Request), Array)
#12 F:\laravel projects\_supreme-3\vendor\guzzlehttp\guzzle\src\HandlerStack.php(75): GuzzleHttp\Middleware::GuzzleHttp\{closure}(Object(GuzzleHttp\Psr7\Request), Array)
#13 F:\laravel projects\_supreme-3\vendor\guzzlehttp\guzzle\src\Client.php(333): GuzzleHttp\HandlerStack->__invoke(Object(GuzzleHttp\Psr7\Request), Array)
#14 F:\laravel projects\_supreme-3\vendor\guzzlehttp\guzzle\src\Client.php(169): GuzzleHttp\Client->transfer(Object(GuzzleHttp\Psr7\Request), Array)
#15 F:\laravel projects\_supreme-3\vendor\guzzlehttp\guzzle\src\Client.php(189): GuzzleHttp\Client->requestAsync('POST', Object(GuzzleHttp\Psr7\Uri), Array)
#16 F:\laravel projects\_supreme-3\vendor\laravel\framework\src\Illuminate\Http\Client\PendingRequest.php(1141): GuzzleHttp\Client->request('POST', 'https://service...', Array)
#17 F:\laravel projects\_supreme-3\vendor\laravel\framework\src\Illuminate\Http\Client\PendingRequest.php(905): Illuminate\Http\Client\PendingRequest->sendRequest('POST', 'https://service...', Array)
#18 F:\laravel projects\_supreme-3\vendor\laravel\framework\src\Illuminate\Support\helpers.php(338): Illuminate\Http\Client\PendingRequest->Illuminate\Http\Client\{closure}(1)
#19 F:\laravel projects\_supreme-3\vendor\laravel\framework\src\Illuminate\Http\Client\PendingRequest.php(903): retry(2, Object(Closure), 700, Object(Closure))
#20 F:\laravel projects\_supreme-3\vendor\laravel\framework\src\Illuminate\Http\Client\PendingRequest.php(802): Illuminate\Http\Client\PendingRequest->send('POST', 'https://service...', Array)
#21 F:\laravel projects\_supreme-3\app\Services\SiaLicenceChecker.php(768): Illuminate\Http\Client\PendingRequest->post('https://service...', Array)
#22 F:\laravel projects\_supreme-3\app\Services\SiaLicenceChecker.php(182): App\Services\SiaLicenceChecker->sendSiaRequestWithFailover('post', Array, Array, Array, Array, '', 4, 700)
#23 F:\laravel projects\_supreme-3\app\Services\SiaLicenceChecker.php(43): App\Services\SiaLicenceChecker->performCheck('101953654073846...')
#24 F:\laravel projects\_supreme-3\vendor\psy\psysh\src\ExecutionClosure.php(40) : eval()'d code(2): App\Services\SiaLicenceChecker->checkByLicenceNumber('101953654073846...', false)
#25 F:\laravel projects\_supreme-3\vendor\psy\psysh\src\ExecutionClosure.php(40): eval()
#26 F:\laravel projects\_supreme-3\vendor\psy\psysh\src\ExecutionClosure.php(89): Psy\{closure}()
#27 F:\laravel projects\_supreme-3\vendor\psy\psysh\src\Shell.php(1398): Psy\ExecutionClosure->execute()
#28 F:\laravel projects\_supreme-3\vendor\laravel\tinker\src\Console\TinkerCommand.php(76): Psy\Shell->execute('\n$checker = new...')
#29 F:\laravel projects\_supreme-3\vendor\laravel\framework\src\Illuminate\Container\BoundMethod.php(36): Laravel\Tinker\Console\TinkerCommand->handle()
#30 F:\laravel projects\_supreme-3\vendor\laravel\framework\src\Illuminate\Container\Util.php(43): Illuminate\Container\BoundMethod::Illuminate\Container\{closure}()
#31 F:\laravel projects\_supreme-3\vendor\laravel\framework\src\Illuminate\Container\BoundMethod.php(96): Illuminate\Container\Util::unwrapIfClosure(Object(Closure))
#32 F:\laravel projects\_supreme-3\vendor\laravel\framework\src\Illuminate\Container\BoundMethod.php(35): Illuminate\Container\BoundMethod::callBoundMethod(Object(Illuminate\Foundation\Application), Array, Object(Closure))
#33 F:\laravel projects\_supreme-3\vendor\laravel\framework\src\Illuminate\Container\Container.php(754): Illuminate\Container\BoundMethod::call(Object(Illuminate\Foundation\Application), Array, Array, NULL)
#34 F:\laravel projects\_supreme-3\vendor\laravel\framework\src\Illuminate\Console\Command.php(211): Illuminate\Container\Container->call(Array)
#35 F:\laravel projects\_supreme-3\vendor\symfony\console\Command\Command.php(279): Illuminate\Console\Command->execute(Object(Symfony\Component\Console\Input\ArgvInput), Object(Illuminate\Console\OutputStyle))
#36 F:\laravel projects\_supreme-3\vendor\laravel\framework\src\Illuminate\Console\Command.php(180): Symfony\Component\Console\Command\Command->run(Object(Symfony\Component\Console\Input\ArgvInput), Object(Illuminate\Console\OutputStyle))
#37 F:\laravel projects\_supreme-3\vendor\symfony\console\Application.php(1094): Illuminate\Console\Command->run(Object(Symfony\Component\Console\Input\ArgvInput), Object(Symfony\Component\Console\Output\ConsoleOutput))
#38 F:\laravel projects\_supreme-3\vendor\symfony\console\Application.php(342): Symfony\Component\Console\Application->doRunCommand(Object(Laravel\Tinker\Console\TinkerCommand), Object(Symfony\Component\Console\Input\ArgvInput), Object(Symfony\Component\Console\Output\ConsoleOutput))
#39 F:\laravel projects\_supreme-3\vendor\symfony\console\Application.php(193): Symfony\Component\Console\Application->doRun(Object(Symfony\Component\Console\Input\ArgvInput), Object(Symfony\Component\Console\Output\ConsoleOutput))
#40 F:\laravel projects\_supreme-3\vendor\laravel\framework\src\Illuminate\Foundation\Console\Kernel.php(197): Symfony\Component\Console\Application->run(Object(Symfony\Component\Console\Input\ArgvInput), Object(Symfony\Component\Console\Output\ConsoleOutput))
#41 F:\laravel projects\_supreme-3\vendor\laravel\framework\src\Illuminate\Foundation\Application.php(1234): Illuminate\Foundation\Console\Kernel->handle(Object(Symfony\Component\Console\Input\ArgvInput), Object(Symfony\Component\Console\Output\ConsoleOutput))
#42 F:\laravel projects\_supreme-3\artisan(16): Illuminate\Foundation\Application->handleCommand(Object(Symfony\Component\Console\Input\ArgvInput))
#43 {main}