*   Trying 52.151.95.110:443...
* Connected to services.sia.homeoffice.gov.uk (52.151.95.110) port 443 (#0)
* ALPN: offers http/1.1
*  CAfile: C:\xampp\apache\bin\curl-ca-bundle.crt
*  CApath: none
* SSL connection using TLSv1.3 / TLS_AES_256_GCM_SHA384
* ALPN: server accepted http/1.1
* Server certificate:
*  subject: C=IE; L=Dublin; O=Version 1 Holdings Limited; CN=services.sia.homeoffice.gov.uk
*  start date: Sep  5 00:00:00 2025 GMT
*  expire date: Sep 13 23:59:59 2026 GMT
*  subjectAltName: host "services.sia.homeoffice.gov.uk" matched cert's "services.sia.homeoffice.gov.uk"
*  issuer: C=US; O=DigiCert Inc; CN=DigiCert Global G2 TLS RSA SHA256 2020 CA1
*  SSL certificate verify ok.
> POST /PublicRegister/SearchPublicRegisterByLicence HTTP/1.1
Host: services.sia.homeoffice.gov.uk
User-Agent: Mozilla/5.0 (Windows NT 10.0; Win64; x64) AppleWebKit/537.36 (KHTML, like Gecko) Chrome/120.0.0.0 Safari/537.36
Accept: text/html,application/xhtml+xml,application/xml;q=0.9,*/*;q=0.8
Accept: text/html
Accept-Encoding: gzip, deflate, br
Connection: close
Accept-Language: en-GB,en-US;q=0.9,en;q=0.8
Referer: https://services.sia.homeoffice.gov.uk/
Content-Type: application/x-www-form-urlencoded
Content-Length: 26

* old SSL session ID is stale, removing
* Mark bundle as not supporting multiuse
< HTTP/1.1 500 Internal Server Error
< Content-Length: 39300
< Content-Type: text/html
< Referrer-Policy: no-referrer
< 
* Closing connection 0
